{"/Users/a/Desktop/Нетология/Продвинутый js/containers/src/js/errorRepositiry.js": {"path":"/Users/a/Desktop/Нетология/Продвинутый js/containers/src/js/errorRepositiry.js","statementMap":{"0":{"start":{"line":3,"column":4},"end":{"line":12,"column":7}},"1":{"start":{"line":16,"column":4},"end":{"line":18,"column":5}},"2":{"start":{"line":17,"column":6},"end":{"line":17,"column":40}},"3":{"start":{"line":19,"column":4},"end":{"line":19,"column":27}}},"fnMap":{"0":{"name":"(anonymous_0)","decl":{"start":{"line":2,"column":2},"end":{"line":2,"column":3}},"loc":{"start":{"line":2,"column":16},"end":{"line":13,"column":3}},"line":2},"1":{"name":"(anonymous_1)","decl":{"start":{"line":15,"column":2},"end":{"line":15,"column":3}},"loc":{"start":{"line":15,"column":18},"end":{"line":20,"column":3}},"line":15}},"branchMap":{"0":{"loc":{"start":{"line":16,"column":4},"end":{"line":18,"column":5}},"type":"if","locations":[{"start":{"line":16,"column":4},"end":{"line":18,"column":5}},{"start":{},"end":{}}],"line":16}},"s":{"0":9,"1":2,"2":1,"3":1},"f":{"0":9,"1":2},"b":{"0":[1,1]},"_coverageSchema":"1a1c01bbd47fc00a2c39e90264f33305004495a9","hash":"c17d6e5316a252f8d1119ad7fc7699df5e1a8c99"}
,"/Users/a/Desktop/Нетология/Продвинутый js/containers/src/js/characters/bowerman.js": {"path":"/Users/a/Desktop/Нетология/Продвинутый js/containers/src/js/characters/bowerman.js","statementMap":{"0":{"start":{"line":5,"column":4},"end":{"line":5,"column":54}},"1":{"start":{"line":6,"column":4},"end":{"line":6,"column":21}},"2":{"start":{"line":7,"column":4},"end":{"line":7,"column":22}},"3":{"start":{"line":11,"column":24},"end":{"line":11,"column":55}}},"fnMap":{"0":{"name":"(anonymous_0)","decl":{"start":{"line":4,"column":2},"end":{"line":4,"column":3}},"loc":{"start":{"line":4,"column":58},"end":{"line":8,"column":3}},"line":4}},"branchMap":{},"s":{"0":2,"1":2,"2":2,"3":1},"f":{"0":2},"b":{},"_coverageSchema":"1a1c01bbd47fc00a2c39e90264f33305004495a9","hash":"32553b1a030e3531c11203ea62c5e4f1f46cfe3c"}
,"/Users/a/Desktop/Нетология/Продвинутый js/containers/src/js/characters/character.js": {"path":"/Users/a/Desktop/Нетология/Продвинутый js/containers/src/js/characters/character.js","statementMap":{"0":{"start":{"line":3,"column":16},"end":{"line":3,"column":37}},"1":{"start":{"line":7,"column":4},"end":{"line":35,"column":5}},"2":{"start":{"line":8,"column":22},"end":{"line":16,"column":7}},"3":{"start":{"line":18,"column":6},"end":{"line":22,"column":7}},"4":{"start":{"line":19,"column":8},"end":{"line":19,"column":25}},"5":{"start":{"line":21,"column":8},"end":{"line":21,"column":46}},"6":{"start":{"line":23,"column":6},"end":{"line":27,"column":7}},"7":{"start":{"line":24,"column":8},"end":{"line":24,"column":25}},"8":{"start":{"line":26,"column":8},"end":{"line":26,"column":46}},"9":{"start":{"line":28,"column":6},"end":{"line":28,"column":24}},"10":{"start":{"line":29,"column":6},"end":{"line":29,"column":21}},"11":{"start":{"line":30,"column":6},"end":{"line":30,"column":27}},"12":{"start":{"line":31,"column":6},"end":{"line":31,"column":29}},"13":{"start":{"line":33,"column":6},"end":{"line":33,"column":42}},"14":{"start":{"line":34,"column":6},"end":{"line":34,"column":16}},"15":{"start":{"line":39,"column":4},"end":{"line":50,"column":5}},"16":{"start":{"line":40,"column":6},"end":{"line":46,"column":7}},"17":{"start":{"line":41,"column":8},"end":{"line":41,"column":24}},"18":{"start":{"line":42,"column":8},"end":{"line":42,"column":27}},"19":{"start":{"line":43,"column":8},"end":{"line":43,"column":26}},"20":{"start":{"line":45,"column":8},"end":{"line":45,"column":46}},"21":{"start":{"line":48,"column":6},"end":{"line":48,"column":42}},"22":{"start":{"line":49,"column":6},"end":{"line":49,"column":16}},"23":{"start":{"line":54,"column":4},"end":{"line":63,"column":5}},"24":{"start":{"line":55,"column":6},"end":{"line":59,"column":7}},"25":{"start":{"line":56,"column":8},"end":{"line":56,"column":57}},"26":{"start":{"line":58,"column":8},"end":{"line":58,"column":46}},"27":{"start":{"line":61,"column":6},"end":{"line":61,"column":42}},"28":{"start":{"line":62,"column":6},"end":{"line":62,"column":16}}},"fnMap":{"0":{"name":"(anonymous_0)","decl":{"start":{"line":6,"column":2},"end":{"line":6,"column":3}},"loc":{"start":{"line":6,"column":43},"end":{"line":36,"column":3}},"line":6},"1":{"name":"(anonymous_1)","decl":{"start":{"line":38,"column":2},"end":{"line":38,"column":3}},"loc":{"start":{"line":38,"column":12},"end":{"line":51,"column":3}},"line":38},"2":{"name":"(anonymous_2)","decl":{"start":{"line":53,"column":2},"end":{"line":53,"column":3}},"loc":{"start":{"line":53,"column":17},"end":{"line":64,"column":3}},"line":53}},"branchMap":{"0":{"loc":{"start":{"line":18,"column":6},"end":{"line":22,"column":7}},"type":"if","locations":[{"start":{"line":18,"column":6},"end":{"line":22,"column":7}},{"start":{"line":20,"column":13},"end":{"line":22,"column":7}}],"line":18},"1":{"loc":{"start":{"line":18,"column":10},"end":{"line":18,"column":75}},"type":"binary-expr","locations":[{"start":{"line":18,"column":10},"end":{"line":18,"column":34}},{"start":{"line":18,"column":38},"end":{"line":18,"column":54}},{"start":{"line":18,"column":58},"end":{"line":18,"column":75}}],"line":18},"2":{"loc":{"start":{"line":23,"column":6},"end":{"line":27,"column":7}},"type":"if","locations":[{"start":{"line":23,"column":6},"end":{"line":27,"column":7}},{"start":{"line":25,"column":13},"end":{"line":27,"column":7}}],"line":23},"3":{"loc":{"start":{"line":40,"column":6},"end":{"line":46,"column":7}},"type":"if","locations":[{"start":{"line":40,"column":6},"end":{"line":46,"column":7}},{"start":{"line":44,"column":13},"end":{"line":46,"column":7}}],"line":40},"4":{"loc":{"start":{"line":55,"column":6},"end":{"line":59,"column":7}},"type":"if","locations":[{"start":{"line":55,"column":6},"end":{"line":59,"column":7}},{"start":{"line":57,"column":13},"end":{"line":59,"column":7}}],"line":55}},"s":{"0":7,"1":13,"2":13,"3":13,"4":13,"5":0,"6":13,"7":13,"8":0,"9":13,"10":13,"11":13,"12":13,"13":0,"14":0,"15":1,"16":1,"17":1,"18":1,"19":1,"20":0,"21":0,"22":0,"23":6,"24":6,"25":6,"26":0,"27":0,"28":0},"f":{"0":13,"1":1,"2":6},"b":{"0":[13,0],"1":[13,13,13],"2":[13,0],"3":[1,0],"4":[6,0]},"_coverageSchema":"1a1c01bbd47fc00a2c39e90264f33305004495a9","hash":"4bab43820b10aaa16d58a68948ada0d18ef472a5"}
,"/Users/a/Desktop/Нетология/Продвинутый js/containers/src/js/characters/daemon.js": {"path":"/Users/a/Desktop/Нетология/Продвинутый js/containers/src/js/characters/daemon.js","statementMap":{"0":{"start":{"line":5,"column":4},"end":{"line":5,"column":54}},"1":{"start":{"line":6,"column":4},"end":{"line":6,"column":21}},"2":{"start":{"line":7,"column":4},"end":{"line":7,"column":22}},"3":{"start":{"line":11,"column":22},"end":{"line":11,"column":50}}},"fnMap":{"0":{"name":"(anonymous_0)","decl":{"start":{"line":4,"column":2},"end":{"line":4,"column":3}},"loc":{"start":{"line":4,"column":58},"end":{"line":8,"column":3}},"line":4}},"branchMap":{},"s":{"0":2,"1":2,"2":2,"3":1},"f":{"0":2},"b":{},"_coverageSchema":"1a1c01bbd47fc00a2c39e90264f33305004495a9","hash":"2c05a5d71fc7d38a69bb0bca864ef5d3f988e656"}
,"/Users/a/Desktop/Нетология/Продвинутый js/containers/src/js/characters/magician.js": {"path":"/Users/a/Desktop/Нетология/Продвинутый js/containers/src/js/characters/magician.js","statementMap":{"0":{"start":{"line":5,"column":4},"end":{"line":5,"column":54}},"1":{"start":{"line":6,"column":4},"end":{"line":6,"column":21}},"2":{"start":{"line":7,"column":4},"end":{"line":7,"column":22}},"3":{"start":{"line":11,"column":24},"end":{"line":11,"column":55}}},"fnMap":{"0":{"name":"(anonymous_0)","decl":{"start":{"line":4,"column":2},"end":{"line":4,"column":3}},"loc":{"start":{"line":4,"column":58},"end":{"line":8,"column":3}},"line":4}},"branchMap":{},"s":{"0":2,"1":2,"2":2,"3":1},"f":{"0":2},"b":{},"_coverageSchema":"1a1c01bbd47fc00a2c39e90264f33305004495a9","hash":"6a9d9e94cf6141d00254099a6aca639f5b0721b5"}
,"/Users/a/Desktop/Нетология/Продвинутый js/containers/src/js/characters/swordsman.js": {"path":"/Users/a/Desktop/Нетология/Продвинутый js/containers/src/js/characters/swordsman.js","statementMap":{"0":{"start":{"line":5,"column":4},"end":{"line":5,"column":54}},"1":{"start":{"line":6,"column":4},"end":{"line":6,"column":21}},"2":{"start":{"line":7,"column":4},"end":{"line":7,"column":22}},"3":{"start":{"line":11,"column":25},"end":{"line":11,"column":58}}},"fnMap":{"0":{"name":"(anonymous_0)","decl":{"start":{"line":4,"column":2},"end":{"line":4,"column":3}},"loc":{"start":{"line":4,"column":58},"end":{"line":8,"column":3}},"line":4}},"branchMap":{},"s":{"0":2,"1":2,"2":2,"3":1},"f":{"0":2},"b":{},"_coverageSchema":"1a1c01bbd47fc00a2c39e90264f33305004495a9","hash":"b824c643a4b833be81d4e8b595cdd39bcd7efd74"}
,"/Users/a/Desktop/Нетология/Продвинутый js/containers/src/js/characters/undead.js": {"path":"/Users/a/Desktop/Нетология/Продвинутый js/containers/src/js/characters/undead.js","statementMap":{"0":{"start":{"line":5,"column":4},"end":{"line":5,"column":54}},"1":{"start":{"line":6,"column":4},"end":{"line":6,"column":21}},"2":{"start":{"line":7,"column":4},"end":{"line":7,"column":22}},"3":{"start":{"line":11,"column":22},"end":{"line":11,"column":48}}},"fnMap":{"0":{"name":"(anonymous_0)","decl":{"start":{"line":4,"column":2},"end":{"line":4,"column":3}},"loc":{"start":{"line":4,"column":58},"end":{"line":8,"column":3}},"line":4}},"branchMap":{},"s":{"0":2,"1":2,"2":2,"3":1},"f":{"0":2},"b":{},"_coverageSchema":"1a1c01bbd47fc00a2c39e90264f33305004495a9","hash":"78221b7eea8795b55b2ad3343acf861ca1336336"}
,"/Users/a/Desktop/Нетология/Продвинутый js/containers/src/js/characters/zombie.js": {"path":"/Users/a/Desktop/Нетология/Продвинутый js/containers/src/js/characters/zombie.js","statementMap":{"0":{"start":{"line":5,"column":4},"end":{"line":5,"column":54}},"1":{"start":{"line":6,"column":4},"end":{"line":6,"column":21}},"2":{"start":{"line":7,"column":4},"end":{"line":7,"column":22}},"3":{"start":{"line":11,"column":22},"end":{"line":11,"column":50}}},"fnMap":{"0":{"name":"(anonymous_0)","decl":{"start":{"line":4,"column":2},"end":{"line":4,"column":3}},"loc":{"start":{"line":4,"column":58},"end":{"line":8,"column":3}},"line":4}},"branchMap":{},"s":{"0":2,"1":2,"2":2,"3":1},"f":{"0":2},"b":{},"_coverageSchema":"1a1c01bbd47fc00a2c39e90264f33305004495a9","hash":"1f2c5edced4c15a87b8ceb8e867691082ecad231"}
}
